[2026-04-27 23:13:27.481] [INFO] Logger Init Success!
[2026-04-27 23:13:27.481] [INFO] Loading BT from: /home/hustlyrm/ros2_ly_ws_sentry/install/behavior_tree/share/behavior_tree/Scripts/main.xml
[2026-04-27 23:13:27.481] [INFO] Loading Config from: /home/hustlyrm/ros2_ly_ws_sentry/install/behavior_tree/share/behavior_tree/Scripts/config.json
[2026-04-27 23:13:27.481] [INFO] Competition profile override: <config/default>
[2026-04-27 23:13:27.481] [INFO] debug_bypass_is_start: false
[2026-04-27 23:13:27.481] [INFO] publish_navi_goal: true
[2026-04-27 23:13:27.481] [INFO] wait_for_game_start_timeout_sec: 1
[2026-04-27 23:13:27.481] [INFO] league_referee_stale_timeout_ms: 0
[2026-04-27 23:13:27.494] [INFO] Open config.json, file location: /home/hustlyrm/ros2_ly_ws_sentry/install/behavior_tree/share/behavior_tree/Scripts/config.json
[2026-04-27 23:13:27.494] [DEBUG] ------ AimDebug ------
[2026-04-27 23:13:27.494] [DEBUG] StopFire: 0
[2026-04-27 23:13:27.494] [DEBUG] StopRotate: 0
[2026-04-27 23:13:27.494] [DEBUG] StopScan: 0
[2026-04-27 23:13:27.494] [DEBUG] HitOutpost: 0
[2026-04-27 23:13:27.494] [DEBUG] HitBuff: 0
[2026-04-27 23:13:27.494] [DEBUG] HitCar: 0
[2026-04-27 23:13:27.494] [DEBUG] FireRequireTargetStatus: 1
[2026-04-27 23:13:27.494] [DEBUG] ReuseLatchedAnglesOnNoTarget: 1
[2026-04-27 23:13:27.494] [DEBUG] ------ PatrolScan ------
[2026-04-27 23:13:27.494] [DEBUG] Mode: 1
[2026-04-27 23:13:27.494] [DEBUG] ------ Rate ------
[2026-04-27 23:13:27.494] [DEBUG] FireRate: 20
[2026-04-27 23:13:27.494] [DEBUG] TickRate: 100
[2026-04-27 23:13:27.494] [DEBUG] NaviCommandRate: 1
[2026-04-27 23:13:27.494] [DEBUG] ------ GameStrategy ------
[2026-04-27 23:13:27.494] [DEBUG] ScanCounter: 1
[2026-04-27 23:13:27.494] [DEBUG] HitOutpost: 0
[2026-04-27 23:13:27.494] [DEBUG] HitBuff: 0
[2026-04-27 23:13:27.494] [DEBUG] HitSentry: 0
[2026-04-27 23:13:27.494] [DEBUG] TestNavi: 0
[2026-04-27 23:13:27.494] [DEBUG] Protected: 0
[2026-04-27 23:13:27.494] [DEBUG] ------ NaviSetting ------
[2026-04-27 23:13:27.494] [DEBUG] UseXY: 1
[2026-04-27 23:13:27.494] [DEBUG] UseTfGoalBridge: 1
[2026-04-27 23:13:27.494] [DEBUG] ------ LeagueStrategy ------
[2026-04-27 23:13:27.494] [DEBUG] EnableRouteCompat: 1
[2026-04-27 23:13:27.494] [DEBUG] UseHealthRecovery: 1
[2026-04-27 23:13:27.494] [DEBUG] HealthRecoveryThreshold: 100
[2026-04-27 23:13:27.494] [DEBUG] UseAmmoRecovery: 1
[2026-04-27 23:13:27.494] [DEBUG] AmmoRecoveryThreshold: 30
[2026-04-27 23:13:27.494] [DEBUG] DamageScanBoostEnable: 1
[2026-04-27 23:13:27.494] [DEBUG] HealthRecoveryExitMin: 350
[2026-04-27 23:13:27.494] [DEBUG] HealthRecoveryExitPreferred: 400
[2026-04-27 23:13:27.494] [DEBUG] HealthRecoveryPlateauSec: 2
[2026-04-27 23:13:27.494] [DEBUG] HealthRecoveryExitStableSec: 1
[2026-04-27 23:13:27.494] [DEBUG] HealthRecoveryMaxHoldSec: 12
[2026-04-27 23:13:27.494] [DEBUG] HealthRecoveryCooldownSec: 20
[2026-04-27 23:13:27.494] [DEBUG] EnableDamageOpenGate: 0
[2026-04-27 23:13:27.494] [DEBUG] DamageOpenGateThreshold: 30
[2026-04-27 23:13:27.494] [DEBUG] MainGoal: 18
[2026-04-27 23:13:27.494] [DEBUG] GoalHoldSec: 15
[2026-04-27 23:13:27.494] [DEBUG] ------ ShowcasePatrol ------
[2026-04-27 23:13:27.494] [DEBUG] Enable: 0
[2026-04-27 23:13:27.494] [DEBUG] GoalHoldSec: 5
[2026-04-27 23:13:27.494] [DEBUG] Random: 0
[2026-04-27 23:13:27.494] [DEBUG] DisableTeamOffset: 0
[2026-04-27 23:13:27.494] [DEBUG] IgnoreRecovery: 0
[2026-04-27 23:13:27.494] [DEBUG] ------ NaviDebug ------
[2026-04-27 23:13:27.494] [DEBUG] Enable: 0
[2026-04-27 23:13:27.494] [DEBUG] PlanFile: 
[2026-04-27 23:13:27.494] [DEBUG] ActivePlan: 
[2026-04-27 23:13:27.494] [DEBUG] ------ AimTargetPriority ------
[2026-04-27 23:13:27.494] [DEBUG] ArmorTypeId: 1
[2026-04-27 23:13:27.494] [DEBUG] ArmorTypeId: 3
[2026-04-27 23:13:27.494] [DEBUG] ArmorTypeId: 4
[2026-04-27 23:13:27.494] [DEBUG] ArmorTypeId: 6
[2026-04-27 23:13:27.494] [DEBUG] ArmorTypeId: 2
[2026-04-27 23:13:27.494] [DEBUG] ------ AimTargetIgnore ------
[2026-04-27 23:13:27.494] [DEBUG] ------ DecisionAutonomy ------
[2026-04-27 23:13:27.494] [DEBUG] Enable: 0
[2026-04-27 23:13:27.494] [DEBUG] EnabledModules:
[2026-04-27 23:13:27.494] [DEBUG]   strategy_mode
[2026-04-27 23:13:27.494] [DEBUG]   navi_goal
[2026-04-27 23:13:27.494] [DEBUG]   aim_target
[2026-04-27 23:13:27.494] [DEBUG] HardRuleModules:
[2026-04-27 23:13:27.494] [DEBUG]   recovery
[2026-04-27 23:13:27.495] [DEBUG]   aim_mode
[2026-04-27 23:13:27.495] [DEBUG]   fire_safety
[2026-04-27 23:13:27.495] [DEBUG] StrategyBias(Hero/Sentry/Protected): 0/0/0
[2026-04-27 23:13:27.495] [DEBUG] NaviGoalWeights(distance/enemy_bonus/hero_proximity/current_goal): 1/0.25/0.35/0.3
[2026-04-27 23:13:27.495] [DEBUG] NaviGoal.UseAreaScope: 0
[2026-04-27 23:13:27.495] [DEBUG] NaviGoal.MyArea:
[2026-04-27 23:13:27.495] [DEBUG]   Base
[2026-04-27 23:13:27.495] [DEBUG]   Highland
[2026-04-27 23:13:27.495] [DEBUG]   Roadland
[2026-04-27 23:13:27.495] [DEBUG]   Central
[2026-04-27 23:13:27.495] [DEBUG] NaviGoal.EnemyArea:
[2026-04-27 23:13:27.495] [DEBUG]   Base
[2026-04-27 23:13:27.495] [DEBUG]   Highland
[2026-04-27 23:13:27.495] [DEBUG]   Roadland
[2026-04-27 23:13:27.495] [DEBUG]   Central
[2026-04-27 23:13:27.495] [DEBUG] AimTargetWeights(priority/distance/low_health/current_target): 1/0.8/0.6/0.3
[2026-04-27 23:13:27.495] [DEBUG] ------ Chase ------
[2026-04-27 23:13:27.495] [DEBUG] Enable: 0
[2026-04-27 23:13:27.495] [DEBUG] FollowAimTarget: 1
[2026-04-27 23:13:27.495] [DEBUG] UseRelativeTargetTopic: 0
[2026-04-27 23:13:27.495] [DEBUG] EnableInAutoAim: 1
[2026-04-27 23:13:27.495] [DEBUG] EnableInRotateScan: 1
[2026-04-27 23:13:27.495] [DEBUG] EnableInOutpostMode: 0
[2026-04-27 23:13:27.495] [DEBUG] EnableInBuffMode: 0
[2026-04-27 23:13:27.495] [DEBUG] StopWhenNoTarget: 0
[2026-04-27 23:13:27.495] [DEBUG] LostTargetHoldMs: 200
[2026-04-27 23:13:27.495] [DEBUG] PreferredDistanceCm: 100
[2026-04-27 23:13:27.495] [DEBUG] DistanceDeadbandCm: 5
[2026-04-27 23:13:27.495] [DEBUG] MinValidDistanceCm: 80
[2026-04-27 23:13:27.495] [DEBUG] MaxValidDistanceCm: 1200
[2026-04-27 23:13:27.495] [DEBUG] DistanceKp: 0.3
[2026-04-27 23:13:27.495] [DEBUG] MaxForwardSpeed: 150
[2026-04-27 23:13:27.495] [DEBUG] MaxBackwardSpeed: 95
[2026-04-27 23:13:27.495] [DEBUG] UseYawStrafe: 1
[2026-04-27 23:13:27.495] [DEBUG] YawKp: 1.8
[2026-04-27 23:13:27.495] [DEBUG] YawDeadbandDeg: 1
[2026-04-27 23:13:27.495] [DEBUG] MaxStrafeSpeed: 90
[2026-04-27 23:13:27.495] [DEBUG] InvertStrafeDirection: 0
[2026-04-27 23:13:27.495] [DEBUG] ------ PostureSetting ------
[2026-04-27 23:13:27.495] [DEBUG] Enable: 1
[2026-04-27 23:13:27.495] [DEBUG] SwitchCooldownSec: 5
[2026-04-27 23:13:27.495] [DEBUG] MaxSinglePostureSec: 180
[2026-04-27 23:13:27.495] [DEBUG] EarlyRotateSec: 165
[2026-04-27 23:13:27.495] [DEBUG] MinHoldSec: 10
[2026-04-27 23:13:27.495] [DEBUG] PendingAckTimeoutMs: 600
[2026-04-27 23:13:27.495] [DEBUG] RetryIntervalMs: 300
[2026-04-27 23:13:27.495] [DEBUG] MaxRetryCount: 3
[2026-04-27 23:13:27.495] [DEBUG] OptimisticAck: 1
[2026-04-27 23:13:27.495] [DEBUG] TargetKeepMs: 800
[2026-04-27 23:13:27.495] [DEBUG] DamageKeepSec: 4
[2026-04-27 23:13:27.495] [DEBUG] DamageBurstWindowMs: 0
[2026-04-27 23:13:27.495] [DEBUG] DamageBurstThreshold: 0
[2026-04-27 23:13:27.495] [DEBUG] DamageBurstDefenseHoldSec: 0
[2026-04-27 23:13:27.495] [DEBUG] LowHealthThreshold: 120
[2026-04-27 23:13:27.495] [DEBUG] VeryLowHealthThreshold: 80
[2026-04-27 23:13:27.495] [DEBUG] LowAmmoThreshold: 30
[2026-04-27 23:13:27.495] [DEBUG] ScoreHysteresis: 2
[2026-04-27 23:13:27.495] [DEBUG] ------ End ------
[2026-04-27 23:13:27.495] [DEBUG] Configuration completed.
[2026-04-27 23:13:27.495] [INFO] Effective CompetitionProfile: regional
[2026-04-27 23:13:27.495] [INFO] Initial StrategyMode: HitHero
[2026-04-27 23:13:27.495] [INFO] Application Start!
[2026-04-27 23:13:27.495] [INFO] Waiting Before Game
[2026-04-27 23:13:27.495] [WARNING] Runtime safe-control published, reason=wait_before_game_reset
[2026-04-27 23:13:29.513] [WARNING] Waiting for first gimbal message...
[2026-04-27 23:13:31.530] [WARNING] Waiting for first gimbal message...
